<!DOCTYPE HTML PUBLIC "-//W3C//DTD HTML 4.01//EN" "http://www.w3.org/TR/html4/strict.dtd">
<html>
<head>
<meta http-equiv="Content-Type" content="text/html; charset=utf-8"/>
<title>Test results - Class com.example.lunchtray.NavigationTests</title>
<link href="css/base-style.css" rel="stylesheet" type="text/css"/>
<link href="css/style.css" rel="stylesheet" type="text/css"/>
<script src="js/report.js" type="text/javascript"></script>
</head>
<body>
<div id="content">
<h1>Class com.example.lunchtray.NavigationTests</h1>
<div class="breadcrumbs">
<a href="index.html">all</a> &gt; 
<a href="com.example.lunchtray.html">com.example.lunchtray</a> &gt; NavigationTests</div>
<div id="summary">
<table>
<tr>
<td>
<div class="summaryGroup">
<table>
<tr>
<td>
<div class="infoBox" id="tests">
<div class="counter">9</div>
<p>tests</p>
</div>
</td>
<td>
<div class="infoBox" id="failures">
<div class="counter">9</div>
<p>failures</p>
</div>
</td>
<td>
<div class="infoBox" id="duration">
<div class="counter">5.408s</div>
<p>duration</p>
</div>
</td>
</tr>
</table>
</div>
</td>
<td>
<div class="infoBox failures" id="successRate">
<div class="percent">0%</div>
<p>successful</p>
</div>
</td>
</tr>
</table>
</div>
<div id="tabs">
<ul class="tabLinks">
<li>
<a href="#tab0">Failed tests</a>
</li>
<li>
<a href="#tab1">Tests</a>
</li>
</ul>
<div id="tab0" class="tab">
<h2>Failed tests</h2>
<div class="test">
<a name="navigate_to_accompaniment_menu_from_side_menu"></a>
<h3 class="failures">navigate_to_accompaniment_menu_from_side_menu</h3>
<span class="code">
<pre>java.lang.AssertionError: expected:&lt;2131231169&gt; but was:&lt;2131230768&gt;
at org.junit.Assert.fail(Assert.java:88)
at org.junit.Assert.failNotEquals(Assert.java:834)
at org.junit.Assert.assertEquals(Assert.java:118)
at org.junit.Assert.assertEquals(Assert.java:144)
at com.example.lunchtray.NavigationTests.navigate_to_accompaniment_menu_from_side_menu(NavigationTests.kt:144)</pre>
</span>
</div>
<div class="test">
<a name="navigate_to_checkout_from_accompaniment_menu"></a>
<h3 class="failures">navigate_to_checkout_from_accompaniment_menu</h3>
<span class="code">
<pre>java.lang.AssertionError: expected:&lt;2131230768&gt; but was:&lt;2131230857&gt;
at org.junit.Assert.fail(Assert.java:88)
at org.junit.Assert.failNotEquals(Assert.java:834)
at org.junit.Assert.assertEquals(Assert.java:118)
at org.junit.Assert.assertEquals(Assert.java:144)
at com.example.lunchtray.NavigationTests.navigate_to_checkout_from_accompaniment_menu(NavigationTests.kt:182)</pre>
</span>
</div>
<div class="test">
<a name="navigate_to_entree_menu_from_start_order"></a>
<h3 class="failures">navigate_to_entree_menu_from_start_order</h3>
<span class="code">
<pre>java.lang.AssertionError: expected:&lt;2131231204&gt; but was:&lt;2131230935&gt;
at org.junit.Assert.fail(Assert.java:88)
at org.junit.Assert.failNotEquals(Assert.java:834)
at org.junit.Assert.assertEquals(Assert.java:118)
at org.junit.Assert.assertEquals(Assert.java:144)
at com.example.lunchtray.NavigationTests.navigate_to_entree_menu_from_start_order(NavigationTests.kt:58)</pre>
</span>
</div>
<div class="test">
<a name="navigate_to_side_menu_from_entree_menu"></a>
<h3 class="failures">navigate_to_side_menu_from_entree_menu</h3>
<span class="code">
<pre>java.lang.AssertionError: expected:&lt;2131230935&gt; but was:&lt;2131231169&gt;
at org.junit.Assert.fail(Assert.java:88)
at org.junit.Assert.failNotEquals(Assert.java:834)
at org.junit.Assert.assertEquals(Assert.java:118)
at org.junit.Assert.assertEquals(Assert.java:144)
at com.example.lunchtray.NavigationTests.navigate_to_side_menu_from_entree_menu(NavigationTests.kt:108)</pre>
</span>
</div>
<div class="test">
<a name="navigate_to_start_order_from_accompaniment_menu"></a>
<h3 class="failures">navigate_to_start_order_from_accompaniment_menu</h3>
<span class="code">
<pre>java.lang.AssertionError: expected:&lt;2131230768&gt; but was:&lt;2131231204&gt;
at org.junit.Assert.fail(Assert.java:88)
at org.junit.Assert.failNotEquals(Assert.java:834)
at org.junit.Assert.assertEquals(Assert.java:118)
at org.junit.Assert.assertEquals(Assert.java:144)
at com.example.lunchtray.NavigationTests.navigate_to_start_order_from_accompaniment_menu(NavigationTests.kt:163)</pre>
</span>
</div>
<div class="test">
<a name="navigate_to_start_order_from_checkout"></a>
<h3 class="failures">navigate_to_start_order_from_checkout</h3>
<span class="code">
<pre>java.lang.AssertionError: expected:&lt;2131230857&gt; but was:&lt;2131231204&gt;
at org.junit.Assert.fail(Assert.java:88)
at org.junit.Assert.failNotEquals(Assert.java:834)
at org.junit.Assert.assertEquals(Assert.java:118)
at org.junit.Assert.assertEquals(Assert.java:144)
at com.example.lunchtray.NavigationTests.navigate_to_start_order_from_checkout(NavigationTests.kt:200)</pre>
</span>
</div>
<div class="test">
<a name="navigate_to_start_order_from_checkout_via_submit"></a>
<h3 class="failures">navigate_to_start_order_from_checkout_via_submit</h3>
<span class="code">
<pre>java.lang.AssertionError: expected:&lt;2131230857&gt; but was:&lt;2131231204&gt;
at org.junit.Assert.fail(Assert.java:88)
at org.junit.Assert.failNotEquals(Assert.java:834)
at org.junit.Assert.assertEquals(Assert.java:118)
at org.junit.Assert.assertEquals(Assert.java:144)
at com.example.lunchtray.NavigationTests.navigate_to_start_order_from_checkout_via_submit(NavigationTests.kt:218)</pre>
</span>
</div>
<div class="test">
<a name="navigate_to_start_order_from_entree_menu"></a>
<h3 class="failures">navigate_to_start_order_from_entree_menu</h3>
<span class="code">
<pre>java.lang.AssertionError: expected:&lt;2131230935&gt; but was:&lt;2131231204&gt;
at org.junit.Assert.fail(Assert.java:88)
at org.junit.Assert.failNotEquals(Assert.java:834)
at org.junit.Assert.assertEquals(Assert.java:118)
at org.junit.Assert.assertEquals(Assert.java:144)
at com.example.lunchtray.NavigationTests.navigate_to_start_order_from_entree_menu(NavigationTests.kt:83)</pre>
</span>
</div>
<div class="test">
<a name="navigate_to_start_order_from_side_menu"></a>
<h3 class="failures">navigate_to_start_order_from_side_menu</h3>
<span class="code">
<pre>java.lang.AssertionError: expected:&lt;2131231169&gt; but was:&lt;2131231204&gt;
at org.junit.Assert.fail(Assert.java:88)
at org.junit.Assert.failNotEquals(Assert.java:834)
at org.junit.Assert.assertEquals(Assert.java:118)
at org.junit.Assert.assertEquals(Assert.java:144)
at com.example.lunchtray.NavigationTests.navigate_to_start_order_from_side_menu(NavigationTests.kt:126)</pre>
</span>
</div>
</div>
<div id="tab1" class="tab">
<h2>Tests</h2>
<table>
<thead>
<tr>
<th>Test</th>
<th>Pixel_4_API_30(AVD) - 11</th>
</tr>
</thead>
<tr>
<td>navigate_to_accompaniment_menu_from_side_menu</td>
<td class="failures">failed (0.573s)</td>
</tr>
<tr>
<td>navigate_to_checkout_from_accompaniment_menu</td>
<td class="failures">failed (0.497s)</td>
</tr>
<tr>
<td>navigate_to_entree_menu_from_start_order</td>
<td class="failures">failed (0.642s)</td>
</tr>
<tr>
<td>navigate_to_side_menu_from_entree_menu</td>
<td class="failures">failed (0.523s)</td>
</tr>
<tr>
<td>navigate_to_start_order_from_accompaniment_menu</td>
<td class="failures">failed (0.547s)</td>
</tr>
<tr>
<td>navigate_to_start_order_from_checkout</td>
<td class="failures">failed (0.972s)</td>
</tr>
<tr>
<td>navigate_to_start_order_from_checkout_via_submit</td>
<td class="failures">failed (0.613s)</td>
</tr>
<tr>
<td>navigate_to_start_order_from_entree_menu</td>
<td class="failures">failed (0.547s)</td>
</tr>
<tr>
<td>navigate_to_start_order_from_side_menu</td>
<td class="failures">failed (0.494s)</td>
</tr>
</table>
</div>
</div>
<div id="footer">
<p>Generated by 
<a href="http://www.gradle.org">Gradle 7.4.2</a> at Dec 1, 2023, 2:58:36 AM</p>
</div>
</div>
</body>