
	¡
k
NavigationTestscom.example.lunchtray%navigate_to_start_order_from_checkout2‡“£´¿õéò:·“£´¿Ä†ïˆ
Îjava.lang.AssertionError: expected:<2131230857> but was:<2131231204>
at org.junit.Assert.fail(Assert.java:88)
at org.junit.Assert.failNotEquals(Assert.java:834)
at org.junit.Assert.assertEquals(Assert.java:118)
at org.junit.Assert.assertEquals(Assert.java:144)
at com.example.lunchtray.NavigationTests.navigate_to_start_order_from_checkout(NavigationTests.kt:200)java.lang.AssertionErrorÎjava.lang.AssertionError: expected:<2131230857> but was:<2131231204>
at org.junit.Assert.fail(Assert.java:88)
at org.junit.Assert.failNotEquals(Assert.java:834)
at org.junit.Assert.assertEquals(Assert.java:118)
at org.junit.Assert.assertEquals(Assert.java:144)
at com.example.lunchtray.NavigationTests.navigate_to_start_order_from_checkout(NavigationTests.kt:200)"Ö

logcatandroidÔ
ÏC:\Users\iHC\AndroidStudioProjects\android-basics-kotlin-lunch-tray-app-main\app\build\outputs\androidTest-results\connected\Pixel_4_API_30(AVD) - 11\logcat-com.example.lunchtray.NavigationTests-navigate_to_start_order_from_checkout.txt"¬

device-infoandroidß
§C:\Users\iHC\AndroidStudioProjects\android-basics-kotlin-lunch-tray-app-main\app\build\outputs\androidTest-results\connected\Pixel_4_API_30(AVD) - 11\device-info.pb"√

device-info.meminfoandroid†
ùC:\Users\iHC\AndroidStudioProjects\android-basics-kotlin-lunch-tray-app-main\app\build\outputs\androidTest-results\connected\Pixel_4_API_30(AVD) - 11\meminfo"√

device-info.cpuinfoandroid†
ùC:\Users\iHC\AndroidStudioProjects\android-basics-kotlin-lunch-tray-app-main\app\build\outputs\androidTest-results\connected\Pixel_4_API_30(AVD) - 11\cpuinfoÀ
n
NavigationTestscom.example.lunchtray(navigate_to_start_order_from_entree_menu2·“£´Ä•±®:‚“£´Ä≥Ì–˙
Ìjava.lang.AssertionError: expected:<2131230935> but was:<2131231204>
at org.junit.Assert.fail(Assert.java:88)
at org.junit.Assert.failNotEquals(Assert.java:834)
at org.junit.Assert.assertEquals(Assert.java:118)
at org.junit.Assert.assertEquals(Assert.java:144)
at com.example.lunchtray.NavigationTests.navigate_to_start_order_from_entree_menu(NavigationTests.kt:83)java.lang.AssertionErrorÌjava.lang.AssertionError: expected:<2131230935> but was:<2131231204>
at org.junit.Assert.fail(Assert.java:88)
at org.junit.Assert.failNotEquals(Assert.java:834)
at org.junit.Assert.assertEquals(Assert.java:118)
at org.junit.Assert.assertEquals(Assert.java:144)
at com.example.lunchtray.NavigationTests.navigate_to_start_order_from_entree_menu(NavigationTests.kt:83)"à

logcatandroidÚ
ÔC:\Users\iHC\AndroidStudioProjects\android-basics-kotlin-lunch-tray-app-main\app\build\outputs\androidTest-results\connected\Pixel_4_API_30(AVD) - 11\logcat-com.example.lunchtray.NavigationTests-navigate_to_start_order_from_entree_menu.txt"¬

device-infoandroidß
§C:\Users\iHC\AndroidStudioProjects\android-basics-kotlin-lunch-tray-app-main\app\build\outputs\androidTest-results\connected\Pixel_4_API_30(AVD) - 11\device-info.pb"√

device-info.meminfoandroid†
ùC:\Users\iHC\AndroidStudioProjects\android-basics-kotlin-lunch-tray-app-main\app\build\outputs\androidTest-results\connected\Pixel_4_API_30(AVD) - 11\meminfo"√

device-info.cpuinfoandroid†
ùC:\Users\iHC\AndroidStudioProjects\android-basics-kotlin-lunch-tray-app-main\app\build\outputs\androidTest-results\connected\Pixel_4_API_30(AVD) - 11\cpuinfo‹
q
NavigationTestscom.example.lunchtray,navigate_to_checkout_from_accompaniment_menu2„“£´¿Äó:„“£´ÄΩïàÑ
Újava.lang.AssertionError: expected:<2131230768> but was:<2131230857>
at org.junit.Assert.fail(Assert.java:88)
at org.junit.Assert.failNotEquals(Assert.java:834)
at org.junit.Assert.assertEquals(Assert.java:118)
at org.junit.Assert.assertEquals(Assert.java:144)
at com.example.lunchtray.NavigationTests.navigate_to_checkout_from_accompaniment_menu(NavigationTests.kt:182)java.lang.AssertionErrorÚjava.lang.AssertionError: expected:<2131230768> but was:<2131230857>
at org.junit.Assert.fail(Assert.java:88)
at org.junit.Assert.failNotEquals(Assert.java:834)
at org.junit.Assert.assertEquals(Assert.java:118)
at org.junit.Assert.assertEquals(Assert.java:144)
at com.example.lunchtray.NavigationTests.navigate_to_checkout_from_accompaniment_menu(NavigationTests.kt:182)"å

logcatandroidˆ
ÛC:\Users\iHC\AndroidStudioProjects\android-basics-kotlin-lunch-tray-app-main\app\build\outputs\androidTest-results\connected\Pixel_4_API_30(AVD) - 11\logcat-com.example.lunchtray.NavigationTests-navigate_to_checkout_from_accompaniment_menu.txt"¬

device-infoandroidß
§C:\Users\iHC\AndroidStudioProjects\android-basics-kotlin-lunch-tray-app-main\app\build\outputs\androidTest-results\connected\Pixel_4_API_30(AVD) - 11\device-info.pb"√

device-info.meminfoandroid†
ùC:\Users\iHC\AndroidStudioProjects\android-basics-kotlin-lunch-tray-app-main\app\build\outputs\androidTest-results\connected\Pixel_4_API_30(AVD) - 11\meminfo"√

device-info.cpuinfoandroid†
ùC:\Users\iHC\AndroidStudioProjects\android-basics-kotlin-lunch-tray-app-main\app\build\outputs\androidTest-results\connected\Pixel_4_API_30(AVD) - 11\cpuinfo 
m
NavigationTestscom.example.lunchtray(navigate_to_entree_menu_from_start_order2‰“£´Ä˚¥^:‰“£´Äƒ≈ê˙
Ìjava.lang.AssertionError: expected:<2131231204> but was:<2131230935>
at org.junit.Assert.fail(Assert.java:88)
at org.junit.Assert.failNotEquals(Assert.java:834)
at org.junit.Assert.assertEquals(Assert.java:118)
at org.junit.Assert.assertEquals(Assert.java:144)
at com.example.lunchtray.NavigationTests.navigate_to_entree_menu_from_start_order(NavigationTests.kt:58)java.lang.AssertionErrorÌjava.lang.AssertionError: expected:<2131231204> but was:<2131230935>
at org.junit.Assert.fail(Assert.java:88)
at org.junit.Assert.failNotEquals(Assert.java:834)
at org.junit.Assert.assertEquals(Assert.java:118)
at org.junit.Assert.assertEquals(Assert.java:144)
at com.example.lunchtray.NavigationTests.navigate_to_entree_menu_from_start_order(NavigationTests.kt:58)"à

logcatandroidÚ
ÔC:\Users\iHC\AndroidStudioProjects\android-basics-kotlin-lunch-tray-app-main\app\build\outputs\androidTest-results\connected\Pixel_4_API_30(AVD) - 11\logcat-com.example.lunchtray.NavigationTests-navigate_to_entree_menu_from_start_order.txt"¬

device-infoandroidß
§C:\Users\iHC\AndroidStudioProjects\android-basics-kotlin-lunch-tray-app-main\app\build\outputs\androidTest-results\connected\Pixel_4_API_30(AVD) - 11\device-info.pb"√

device-info.meminfoandroid†
ùC:\Users\iHC\AndroidStudioProjects\android-basics-kotlin-lunch-tray-app-main\app\build\outputs\androidTest-results\connected\Pixel_4_API_30(AVD) - 11\meminfo"√

device-info.cpuinfoandroid†
ùC:\Users\iHC\AndroidStudioProjects\android-basics-kotlin-lunch-tray-app-main\app\build\outputs\androidTest-results\connected\Pixel_4_API_30(AVD) - 11\cpuinfoÏ
u
NavigationTestscom.example.lunchtray0navigate_to_start_order_from_checkout_via_submit2Â“£´ÄıƒÄ:Ê“£´Ä¨ΩHå
ˆjava.lang.AssertionError: expected:<2131230857> but was:<2131231204>
at org.junit.Assert.fail(Assert.java:88)
at org.junit.Assert.failNotEquals(Assert.java:834)
at org.junit.Assert.assertEquals(Assert.java:118)
at org.junit.Assert.assertEquals(Assert.java:144)
at com.example.lunchtray.NavigationTests.navigate_to_start_order_from_checkout_via_submit(NavigationTests.kt:218)java.lang.AssertionErrorˆjava.lang.AssertionError: expected:<2131230857> but was:<2131231204>
at org.junit.Assert.fail(Assert.java:88)
at org.junit.Assert.failNotEquals(Assert.java:834)
at org.junit.Assert.assertEquals(Assert.java:118)
at org.junit.Assert.assertEquals(Assert.java:144)
at com.example.lunchtray.NavigationTests.navigate_to_start_order_from_checkout_via_submit(NavigationTests.kt:218)"ê

logcatandroid˙
˜C:\Users\iHC\AndroidStudioProjects\android-basics-kotlin-lunch-tray-app-main\app\build\outputs\androidTest-results\connected\Pixel_4_API_30(AVD) - 11\logcat-com.example.lunchtray.NavigationTests-navigate_to_start_order_from_checkout_via_submit.txt"¬

device-infoandroidß
§C:\Users\iHC\AndroidStudioProjects\android-basics-kotlin-lunch-tray-app-main\app\build\outputs\androidTest-results\connected\Pixel_4_API_30(AVD) - 11\device-info.pb"√

device-info.meminfoandroid†
ùC:\Users\iHC\AndroidStudioProjects\android-basics-kotlin-lunch-tray-app-main\app\build\outputs\androidTest-results\connected\Pixel_4_API_30(AVD) - 11\meminfo"√

device-info.cpuinfoandroid†
ùC:\Users\iHC\AndroidStudioProjects\android-basics-kotlin-lunch-tray-app-main\app\build\outputs\androidTest-results\connected\Pixel_4_API_30(AVD) - 11\cpuinfoÈ
u
NavigationTestscom.example.lunchtray/navigate_to_start_order_from_accompaniment_menu2Ê“£´ÄÖÔâ:Á“£´¿éÓ±ä
ıjava.lang.AssertionError: expected:<2131230768> but was:<2131231204>
at org.junit.Assert.fail(Assert.java:88)
at org.junit.Assert.failNotEquals(Assert.java:834)
at org.junit.Assert.assertEquals(Assert.java:118)
at org.junit.Assert.assertEquals(Assert.java:144)
at com.example.lunchtray.NavigationTests.navigate_to_start_order_from_accompaniment_menu(NavigationTests.kt:163)java.lang.AssertionErrorıjava.lang.AssertionError: expected:<2131230768> but was:<2131231204>
at org.junit.Assert.fail(Assert.java:88)
at org.junit.Assert.failNotEquals(Assert.java:834)
at org.junit.Assert.assertEquals(Assert.java:118)
at org.junit.Assert.assertEquals(Assert.java:144)
at com.example.lunchtray.NavigationTests.navigate_to_start_order_from_accompaniment_menu(NavigationTests.kt:163)"è

logcatandroid˘
ˆC:\Users\iHC\AndroidStudioProjects\android-basics-kotlin-lunch-tray-app-main\app\build\outputs\androidTest-results\connected\Pixel_4_API_30(AVD) - 11\logcat-com.example.lunchtray.NavigationTests-navigate_to_start_order_from_accompaniment_menu.txt"¬

device-infoandroidß
§C:\Users\iHC\AndroidStudioProjects\android-basics-kotlin-lunch-tray-app-main\app\build\outputs\androidTest-results\connected\Pixel_4_API_30(AVD) - 11\device-info.pb"√

device-info.meminfoandroid†
ùC:\Users\iHC\AndroidStudioProjects\android-basics-kotlin-lunch-tray-app-main\app\build\outputs\androidTest-results\connected\Pixel_4_API_30(AVD) - 11\meminfo"√

device-info.cpuinfoandroid†
ùC:\Users\iHC\AndroidStudioProjects\android-basics-kotlin-lunch-tray-app-main\app\build\outputs\androidTest-results\connected\Pixel_4_API_30(AVD) - 11\cpuinfo‡
r
NavigationTestscom.example.lunchtray-navigate_to_accompaniment_menu_from_side_menu2Ë“£´¿’á	:Ë“£´ÄË§öÜ
Ûjava.lang.AssertionError: expected:<2131231169> but was:<2131230768>
at org.junit.Assert.fail(Assert.java:88)
at org.junit.Assert.failNotEquals(Assert.java:834)
at org.junit.Assert.assertEquals(Assert.java:118)
at org.junit.Assert.assertEquals(Assert.java:144)
at com.example.lunchtray.NavigationTests.navigate_to_accompaniment_menu_from_side_menu(NavigationTests.kt:144)java.lang.AssertionErrorÛjava.lang.AssertionError: expected:<2131231169> but was:<2131230768>
at org.junit.Assert.fail(Assert.java:88)
at org.junit.Assert.failNotEquals(Assert.java:834)
at org.junit.Assert.assertEquals(Assert.java:118)
at org.junit.Assert.assertEquals(Assert.java:144)
at com.example.lunchtray.NavigationTests.navigate_to_accompaniment_menu_from_side_menu(NavigationTests.kt:144)"ç

logcatandroid˜
ÙC:\Users\iHC\AndroidStudioProjects\android-basics-kotlin-lunch-tray-app-main\app\build\outputs\androidTest-results\connected\Pixel_4_API_30(AVD) - 11\logcat-com.example.lunchtray.NavigationTests-navigate_to_accompaniment_menu_from_side_menu.txt"¬

device-infoandroidß
§C:\Users\iHC\AndroidStudioProjects\android-basics-kotlin-lunch-tray-app-main\app\build\outputs\androidTest-results\connected\Pixel_4_API_30(AVD) - 11\device-info.pb"√

device-info.meminfoandroid†
ùC:\Users\iHC\AndroidStudioProjects\android-basics-kotlin-lunch-tray-app-main\app\build\outputs\androidTest-results\connected\Pixel_4_API_30(AVD) - 11\meminfo"√

device-info.cpuinfoandroid†
ùC:\Users\iHC\AndroidStudioProjects\android-basics-kotlin-lunch-tray-app-main\app\build\outputs\androidTest-results\connected\Pixel_4_API_30(AVD) - 11\cpuinfoƒ
k
NavigationTestscom.example.lunchtray&navigate_to_start_order_from_side_menu2È“£´¿≥˚q:È“£´¿‚¬›¯
Ïjava.lang.AssertionError: expected:<2131231169> but was:<2131231204>
at org.junit.Assert.fail(Assert.java:88)
at org.junit.Assert.failNotEquals(Assert.java:834)
at org.junit.Assert.assertEquals(Assert.java:118)
at org.junit.Assert.assertEquals(Assert.java:144)
at com.example.lunchtray.NavigationTests.navigate_to_start_order_from_side_menu(NavigationTests.kt:126)java.lang.AssertionErrorÏjava.lang.AssertionError: expected:<2131231169> but was:<2131231204>
at org.junit.Assert.fail(Assert.java:88)
at org.junit.Assert.failNotEquals(Assert.java:834)
at org.junit.Assert.assertEquals(Assert.java:118)
at org.junit.Assert.assertEquals(Assert.java:144)
at com.example.lunchtray.NavigationTests.navigate_to_start_order_from_side_menu(NavigationTests.kt:126)"Ü

logcatandroid
ÌC:\Users\iHC\AndroidStudioProjects\android-basics-kotlin-lunch-tray-app-main\app\build\outputs\androidTest-results\connected\Pixel_4_API_30(AVD) - 11\logcat-com.example.lunchtray.NavigationTests-navigate_to_start_order_from_side_menu.txt"¬

device-infoandroidß
§C:\Users\iHC\AndroidStudioProjects\android-basics-kotlin-lunch-tray-app-main\app\build\outputs\androidTest-results\connected\Pixel_4_API_30(AVD) - 11\device-info.pb"√

device-info.meminfoandroid†
ùC:\Users\iHC\AndroidStudioProjects\android-basics-kotlin-lunch-tray-app-main\app\build\outputs\androidTest-results\connected\Pixel_4_API_30(AVD) - 11\meminfo"√

device-info.cpuinfoandroid†
ùC:\Users\iHC\AndroidStudioProjects\android-basics-kotlin-lunch-tray-app-main\app\build\outputs\androidTest-results\connected\Pixel_4_API_30(AVD) - 11\cpuinfo≈
l
NavigationTestscom.example.lunchtray&navigate_to_side_menu_from_entree_menu2Í“£´Äªπõ:Í“£´¿ÏÍî¯
Ïjava.lang.AssertionError: expected:<2131230935> but was:<2131231169>
at org.junit.Assert.fail(Assert.java:88)
at org.junit.Assert.failNotEquals(Assert.java:834)
at org.junit.Assert.assertEquals(Assert.java:118)
at org.junit.Assert.assertEquals(Assert.java:144)
at com.example.lunchtray.NavigationTests.navigate_to_side_menu_from_entree_menu(NavigationTests.kt:108)java.lang.AssertionErrorÏjava.lang.AssertionError: expected:<2131230935> but was:<2131231169>
at org.junit.Assert.fail(Assert.java:88)
at org.junit.Assert.failNotEquals(Assert.java:834)
at org.junit.Assert.assertEquals(Assert.java:118)
at org.junit.Assert.assertEquals(Assert.java:144)
at com.example.lunchtray.NavigationTests.navigate_to_side_menu_from_entree_menu(NavigationTests.kt:108)"Ü

logcatandroid
ÌC:\Users\iHC\AndroidStudioProjects\android-basics-kotlin-lunch-tray-app-main\app\build\outputs\androidTest-results\connected\Pixel_4_API_30(AVD) - 11\logcat-com.example.lunchtray.NavigationTests-navigate_to_side_menu_from_entree_menu.txt"¬

device-infoandroidß
§C:\Users\iHC\AndroidStudioProjects\android-basics-kotlin-lunch-tray-app-main\app\build\outputs\androidTest-results\connected\Pixel_4_API_30(AVD) - 11\device-info.pb"√

device-info.meminfoandroid†
ùC:\Users\iHC\AndroidStudioProjects\android-basics-kotlin-lunch-tray-app-main\app\build\outputs\androidTest-results\connected\Pixel_4_API_30(AVD) - 11\meminfo"√

device-info.cpuinfoandroid†
ùC:\Users\iHC\AndroidStudioProjects\android-basics-kotlin-lunch-tray-app-main\app\build\outputs\androidTest-results\connected\Pixel_4_API_30(AVD) - 11\cpuinfo*ß
c
test-results.logOcom.google.testing.platform.runtime.android.driver.AndroidInstrumentationDriver±
ÆC:\Users\iHC\AndroidStudioProjects\android-basics-kotlin-lunch-tray-app-main\app\build\outputs\androidTest-results\connected\Pixel_4_API_30(AVD) - 11\testlog\test-results.log 2
text/plain