<?xml version='1.0' encoding='UTF-8' ?>
<testsuite name="com.example.lunchtray.NavigationTests" tests="9" failures="9" errors="0" skipped="0" time="11.775" timestamp="2023-11-30T19:58:36" hostname="localhost">
  <properties>
    <property name="device" value="Pixel_4_API_30(AVD) - 11" />
    <property name="flavor" value="" />
    <property name="project" value=":app" />
  </properties>
  <testcase name="navigate_to_start_order_from_checkout" classname="com.example.lunchtray.NavigationTests" time="0.972">
    <failure>java.lang.AssertionError: expected:&lt;2131230857&gt; but was:&lt;2131231204&gt;
at org.junit.Assert.fail(Assert.java:88)
at org.junit.Assert.failNotEquals(Assert.java:834)
at org.junit.Assert.assertEquals(Assert.java:118)
at org.junit.Assert.assertEquals(Assert.java:144)
at com.example.lunchtray.NavigationTests.navigate_to_start_order_from_checkout(NavigationTests.kt:200)</failure>
  </testcase>
  <testcase name="navigate_to_start_order_from_entree_menu" classname="com.example.lunchtray.NavigationTests" time="0.547">
    <failure>java.lang.AssertionError: expected:&lt;2131230935&gt; but was:&lt;2131231204&gt;
at org.junit.Assert.fail(Assert.java:88)
at org.junit.Assert.failNotEquals(Assert.java:834)
at org.junit.Assert.assertEquals(Assert.java:118)
at org.junit.Assert.assertEquals(Assert.java:144)
at com.example.lunchtray.NavigationTests.navigate_to_start_order_from_entree_menu(NavigationTests.kt:83)</failure>
  </testcase>
  <testcase name="navigate_to_checkout_from_accompaniment_menu" classname="com.example.lunchtray.NavigationTests" time="0.497">
    <failure>java.lang.AssertionError: expected:&lt;2131230768&gt; but was:&lt;2131230857&gt;
at org.junit.Assert.fail(Assert.java:88)
at org.junit.Assert.failNotEquals(Assert.java:834)
at org.junit.Assert.assertEquals(Assert.java:118)
at org.junit.Assert.assertEquals(Assert.java:144)
at com.example.lunchtray.NavigationTests.navigate_to_checkout_from_accompaniment_menu(NavigationTests.kt:182)</failure>
  </testcase>
  <testcase name="navigate_to_entree_menu_from_start_order" classname="com.example.lunchtray.NavigationTests" time="0.642">
    <failure>java.lang.AssertionError: expected:&lt;2131231204&gt; but was:&lt;2131230935&gt;
at org.junit.Assert.fail(Assert.java:88)
at org.junit.Assert.failNotEquals(Assert.java:834)
at org.junit.Assert.assertEquals(Assert.java:118)
at org.junit.Assert.assertEquals(Assert.java:144)
at com.example.lunchtray.NavigationTests.navigate_to_entree_menu_from_start_order(NavigationTests.kt:58)</failure>
  </testcase>
  <testcase name="navigate_to_start_order_from_checkout_via_submit" classname="com.example.lunchtray.NavigationTests" time="0.613">
    <failure>java.lang.AssertionError: expected:&lt;2131230857&gt; but was:&lt;2131231204&gt;
at org.junit.Assert.fail(Assert.java:88)
at org.junit.Assert.failNotEquals(Assert.java:834)
at org.junit.Assert.assertEquals(Assert.java:118)
at org.junit.Assert.assertEquals(Assert.java:144)
at com.example.lunchtray.NavigationTests.navigate_to_start_order_from_checkout_via_submit(NavigationTests.kt:218)</failure>
  </testcase>
  <testcase name="navigate_to_start_order_from_accompaniment_menu" classname="com.example.lunchtray.NavigationTests" time="0.547">
    <failure>java.lang.AssertionError: expected:&lt;2131230768&gt; but was:&lt;2131231204&gt;
at org.junit.Assert.fail(Assert.java:88)
at org.junit.Assert.failNotEquals(Assert.java:834)
at org.junit.Assert.assertEquals(Assert.java:118)
at org.junit.Assert.assertEquals(Assert.java:144)
at com.example.lunchtray.NavigationTests.navigate_to_start_order_from_accompaniment_menu(NavigationTests.kt:163)</failure>
  </testcase>
  <testcase name="navigate_to_accompaniment_menu_from_side_menu" classname="com.example.lunchtray.NavigationTests" time="0.573">
    <failure>java.lang.AssertionError: expected:&lt;2131231169&gt; but was:&lt;2131230768&gt;
at org.junit.Assert.fail(Assert.java:88)
at org.junit.Assert.failNotEquals(Assert.java:834)
at org.junit.Assert.assertEquals(Assert.java:118)
at org.junit.Assert.assertEquals(Assert.java:144)
at com.example.lunchtray.NavigationTests.navigate_to_accompaniment_menu_from_side_menu(NavigationTests.kt:144)</failure>
  </testcase>
  <testcase name="navigate_to_start_order_from_side_menu" classname="com.example.lunchtray.NavigationTests" time="0.494">
    <failure>java.lang.AssertionError: expected:&lt;2131231169&gt; but was:&lt;2131231204&gt;
at org.junit.Assert.fail(Assert.java:88)
at org.junit.Assert.failNotEquals(Assert.java:834)
at org.junit.Assert.assertEquals(Assert.java:118)
at org.junit.Assert.assertEquals(Assert.java:144)
at com.example.lunchtray.NavigationTests.navigate_to_start_order_from_side_menu(NavigationTests.kt:126)</failure>
  </testcase>
  <testcase name="navigate_to_side_menu_from_entree_menu" classname="com.example.lunchtray.NavigationTests" time="0.523">
    <failure>java.lang.AssertionError: expected:&lt;2131230935&gt; but was:&lt;2131231169&gt;
at org.junit.Assert.fail(Assert.java:88)
at org.junit.Assert.failNotEquals(Assert.java:834)
at org.junit.Assert.assertEquals(Assert.java:118)
at org.junit.Assert.assertEquals(Assert.java:144)
at com.example.lunchtray.NavigationTests.navigate_to_side_menu_from_entree_menu(NavigationTests.kt:108)</failure>
  </testcase>
</testsuite>